[debug] [2019-06-11T22:15:21.154Z] ----------------------------------------------------------------------
[debug] [2019-06-11T22:15:21.156Z] Command:       /usr/local/Cellar/node/12.3.1/bin/node /usr/local/bin/firebase deploy --only hosting
[debug] [2019-06-11T22:15:21.156Z] CLI Version:   6.11.0
[debug] [2019-06-11T22:15:21.156Z] Platform:      darwin
[debug] [2019-06-11T22:15:21.156Z] Node Version:  v12.3.1
[debug] [2019-06-11T22:15:21.157Z] Time:          Tue Jun 11 2019 18:15:21 GMT-0400 (Eastern Daylight Time)
[debug] [2019-06-11T22:15:21.157Z] ----------------------------------------------------------------------
[debug] 
[debug] [2019-06-11T22:15:21.168Z] > command requires scopes: ["email","openid","https://www.googleapis.com/auth/cloudplatformprojects.readonly","https://www.googleapis.com/auth/firebase","https://www.googleapis.com/auth/cloud-platform"]
[debug] [2019-06-11T22:15:21.169Z] > authorizing via signed-in user
[debug] [2019-06-11T22:15:21.169Z] [iam] checking project bostonhacks-obelisk for permissions ["firebase.projects.get","firebasehosting.sites.update"]
[debug] [2019-06-11T22:15:21.170Z] >>> HTTP REQUEST POST https://cloudresourcemanager.googleapis.com/v1/projects/bostonhacks-obelisk:testIamPermissions  

[debug] [2019-06-11T22:15:21.460Z] <<< HTTP RESPONSE 200
[debug] [2019-06-11T22:15:21.462Z] >>> HTTP REQUEST GET https://firebase.googleapis.com/v1beta1/projects/bostonhacks-obelisk  
 
[debug] [2019-06-11T22:15:21.782Z] <<< HTTP RESPONSE 200
[debug] [2019-06-11T22:15:24.747Z] ----------------------------------------------------------------------
[debug] [2019-06-11T22:15:24.749Z] Command:       /usr/local/Cellar/node/12.3.1/bin/node /usr/local/bin/firebase deploy --only functions
[debug] [2019-06-11T22:15:24.749Z] CLI Version:   6.11.0
[debug] [2019-06-11T22:15:24.750Z] Platform:      darwin
[debug] [2019-06-11T22:15:24.750Z] Node Version:  v12.3.1
[debug] [2019-06-11T22:15:24.751Z] Time:          Tue Jun 11 2019 18:15:24 GMT-0400 (Eastern Daylight Time)
[debug] [2019-06-11T22:15:24.751Z] ----------------------------------------------------------------------
[debug] 
[debug] [2019-06-11T22:15:24.767Z] > command requires scopes: ["email","openid","https://www.googleapis.com/auth/cloudplatformprojects.readonly","https://www.googleapis.com/auth/firebase","https://www.googleapis.com/auth/cloud-platform"]
[debug] [2019-06-11T22:15:24.768Z] > authorizing via signed-in user
[debug] [2019-06-11T22:15:24.768Z] [iam] checking project bostonhacks-obelisk for permissions ["cloudfunctions.functions.create","cloudfunctions.functions.delete","cloudfunctions.functions.get","cloudfunctions.functions.list","cloudfunctions.functions.update","cloudfunctions.operations.get","firebase.projects.get"]
[debug] [2019-06-11T22:15:24.771Z] >>> HTTP REQUEST POST https://cloudresourcemanager.googleapis.com/v1/projects/bostonhacks-obelisk:testIamPermissions  

[debug] [2019-06-11T22:15:26.287Z] <<< HTTP RESPONSE 200
[info] 
[info] === Deploying to 'bostonhacks-obelisk'...
[info] 
[info] i  deploying functions
[info] Running command: npm --prefix "$RESOURCE_DIR" run lint
[info] ✔  functions: Finished running predeploy script.
[debug] [2019-06-11T22:15:34.659Z] > [functions] package.json contents: {
  "name": "functions",
  "description": "Cloud Functions for Firebase",
  "scripts": {
    "lint": "eslint .",
    "serve": "firebase serve --only functions",
    "shell": "firebase functions:shell",
    "start": "npm run shell",
    "deploy": "firebase deploy --only functions",
    "logs": "firebase functions:log"
  },
  "engines": {
    "node": "8"
  },
  "dependencies": {
    "algoliasearch": "^3.33.0",
    "cors": "^2.8.5",
    "firebase-admin": "~7.0.0",
    "firebase-functions": "^2.3.0",
    "glob": "^7.1.4",
    "mailgun-js": "^0.22.0",
    "mailgun.js": "^2.0.1"
  },
  "devDependencies": {
    "eslint": "^5.12.0",
    "eslint-plugin-promise": "^4.0.1",
    "firebase-functions-test": "^0.1.6"
  },
  "private": true
}
[info] i  functions: ensuring necessary APIs are enabled...
[debug] [2019-06-11T22:15:34.660Z] >>> HTTP REQUEST GET https://servicemanagement.googleapis.com/v1/services/cloudfunctions.googleapis.com/projectSettings/bostonhacks-obelisk?view=CONSUMER_VIEW  
 
[debug] [2019-06-11T22:15:34.661Z] >>> HTTP REQUEST GET https://servicemanagement.googleapis.com/v1/services/runtimeconfig.googleapis.com/projectSettings/bostonhacks-obelisk?view=CONSUMER_VIEW  
 
[debug] [2019-06-11T22:15:35.410Z] <<< HTTP RESPONSE 200
[debug] [2019-06-11T22:15:36.491Z] <<< HTTP RESPONSE 200
[info] ✔  functions: all necessary APIs are enabled
[debug] [2019-06-11T22:15:36.491Z] >>> HTTP REQUEST GET https://cloudresourcemanager.googleapis.com/v1/projects/bostonhacks-obelisk  
 
[debug] [2019-06-11T22:15:36.696Z] <<< HTTP RESPONSE 200
[debug] [2019-06-11T22:15:36.697Z] >>> HTTP REQUEST GET https://mobilesdk-pa.googleapis.com/v1/projects/843214435407:getServerAppConfig  
 
[debug] [2019-06-11T22:15:36.966Z] <<< HTTP RESPONSE 200
[info] i  functions: preparing functions directory for uploading...
[debug] [2019-06-11T22:15:36.968Z] >>> HTTP REQUEST GET https://runtimeconfig.googleapis.com/v1beta1/projects/bostonhacks-obelisk/configs  
 
[debug] [2019-06-11T22:15:37.601Z] <<< HTTP RESPONSE 200
[info] i  functions: packaged functions (51.67 KB) for uploading
[debug] [2019-06-11T22:15:38.142Z] >>> HTTP REQUEST POST https://cloudfunctions.googleapis.com/v1/projects/bostonhacks-obelisk/locations/us-central1/functions:generateUploadUrl  
 
[debug] [2019-06-11T22:15:38.949Z] <<< HTTP RESPONSE 200
[debug] [2019-06-11T22:15:38.950Z] >>> HTTP REQUEST PUT https://storage.googleapis.com/gcf-upload-us-central1-9282b485-621a-4bc9-892e-35bfaf3bc31d/6c495521-2656-4f42-96d2-b46a5357aa5a.zip?GoogleAccessId=service-843214435407@gcf-admin-robot.iam.gserviceaccount.com&Expires=1560293142&Signature=DE%2FOb1GtHwpv4E20zfS%2B16KdrWlIjQSR%2B4AbhoIpcIz3%2FehIQXVS%2FMLXR7KKq3JADTSm6SEqLUq6%2F6qzueWpKw3ZRCk5xGi%2Bbce17hx0rpuEy7c%2BCYOtxjWkgdWJTEjsHNqc%2FiaNq0Z9vJ%2FgGG09r804RWc9T7r8m5CUP0R%2B4%2FMeGwz6VnpZ139ERUThpCp0sxZUoXr1jLMqtPuRmwNf0QY45M89uVYiLdX0n%2BB4R9CGi16oHP4beZk57Y2A3LT4KwlIsg3RjyMF9%2BL64iUfRc2kHVevQ%2FhmRHoakMCwg4Urw7yR4FzWiiqFifPVAyjUCTovWxgcVWDY%2B6B5LBqVbQ%3D%3D  

[debug] [2019-06-11T22:15:39.349Z] <<< HTTP RESPONSE 200
[info] ✔  functions: functions folder uploaded successfully
[debug] [2019-06-11T22:15:39.351Z] >>> HTTP REQUEST GET https://cloudfunctions.googleapis.com/v1/projects/bostonhacks-obelisk/locations/-/functions  
 
[debug] [2019-06-11T22:15:39.883Z] <<< HTTP RESPONSE 200
[info] i  functions: updating Node.js 8 function getMailgunLogs(us-central1)...
[debug] [2019-06-11T22:15:39.885Z] Trigger is:  {"httpsTrigger":{}}
[info] i  functions: updating Node.js 8 function sendEmail(us-central1)...
[debug] [2019-06-11T22:15:39.886Z] Trigger is:  {"httpsTrigger":{}}
[debug] [2019-06-11T22:15:39.886Z] >>> HTTP REQUEST GET https://servicemanagement.googleapis.com/v1/services/cloudscheduler.googleapis.com/projectSettings/bostonhacks-obelisk?view=CONSUMER_VIEW  
 
[debug] [2019-06-11T22:15:40.981Z] <<< HTTP RESPONSE 200
[debug] [2019-06-11T22:15:40.983Z] >>> HTTP REQUEST PATCH https://cloudfunctions.googleapis.com/v1/projects/bostonhacks-obelisk/locations/us-central1/functions/getMailgunLogs {"updateMask":"sourceUploadUrl,name,labels,runtime,httpsTrigger"} 

[debug] [2019-06-11T22:15:40.984Z] >>> HTTP REQUEST PATCH https://cloudfunctions.googleapis.com/v1/projects/bostonhacks-obelisk/locations/us-central1/functions/sendEmail {"updateMask":"sourceUploadUrl,name,labels,runtime,httpsTrigger"} 

[debug] [2019-06-11T22:15:45.681Z] <<< HTTP RESPONSE 200
[debug] [2019-06-11T22:15:45.700Z] <<< HTTP RESPONSE 200
[debug] [2019-06-11T22:15:45.701Z] >>> HTTP REQUEST GET https://cloudfunctions.googleapis.com/v1/projects/bostonhacks-obelisk/locations/-/functions  
 
[debug] [2019-06-11T22:15:46.643Z] <<< HTTP RESPONSE 200
[debug] [2019-06-11T22:15:46.644Z] >>> HTTP REQUEST GET https://cloudfunctions.googleapis.com/v1/operations/Ym9zdG9uaGFja3Mtb2JlbGlzay91cy1jZW50cmFsMS9nZXRNYWlsZ3VuTG9ncy9TcEkzSUVycDVJQQ  
 
[debug] [2019-06-11T22:15:46.644Z] >>> HTTP REQUEST GET https://cloudfunctions.googleapis.com/v1/operations/Ym9zdG9uaGFja3Mtb2JlbGlzay91cy1jZW50cmFsMS9zZW5kRW1haWwvRHpwZDZZdzRpUWc  
 
[debug] [2019-06-11T22:15:46.993Z] <<< HTTP RESPONSE 200
[debug] [2019-06-11T22:15:47.010Z] <<< HTTP RESPONSE 200
[debug] [2019-06-11T22:15:48.999Z] >>> HTTP REQUEST GET https://cloudfunctions.googleapis.com/v1/operations/Ym9zdG9uaGFja3Mtb2JlbGlzay91cy1jZW50cmFsMS9zZW5kRW1haWwvRHpwZDZZdzRpUWc  
 
[debug] [2019-06-11T22:15:49.011Z] >>> HTTP REQUEST GET https://cloudfunctions.googleapis.com/v1/operations/Ym9zdG9uaGFja3Mtb2JlbGlzay91cy1jZW50cmFsMS9nZXRNYWlsZ3VuTG9ncy9TcEkzSUVycDVJQQ  
 
[debug] [2019-06-11T22:15:49.382Z] <<< HTTP RESPONSE 200
[debug] [2019-06-11T22:15:49.382Z] <<< HTTP RESPONSE 200
[debug] [2019-06-11T22:15:51.383Z] >>> HTTP REQUEST GET https://cloudfunctions.googleapis.com/v1/operations/Ym9zdG9uaGFja3Mtb2JlbGlzay91cy1jZW50cmFsMS9zZW5kRW1haWwvRHpwZDZZdzRpUWc  
 
[debug] [2019-06-11T22:15:51.383Z] >>> HTTP REQUEST GET https://cloudfunctions.googleapis.com/v1/operations/Ym9zdG9uaGFja3Mtb2JlbGlzay91cy1jZW50cmFsMS9nZXRNYWlsZ3VuTG9ncy9TcEkzSUVycDVJQQ  
 
[debug] [2019-06-11T22:15:51.779Z] <<< HTTP RESPONSE 200
[debug] [2019-06-11T22:15:51.780Z] <<< HTTP RESPONSE 200
[debug] [2019-06-11T22:15:53.782Z] >>> HTTP REQUEST GET https://cloudfunctions.googleapis.com/v1/operations/Ym9zdG9uaGFja3Mtb2JlbGlzay91cy1jZW50cmFsMS9nZXRNYWlsZ3VuTG9ncy9TcEkzSUVycDVJQQ  
 
[debug] [2019-06-11T22:15:53.784Z] >>> HTTP REQUEST GET https://cloudfunctions.googleapis.com/v1/operations/Ym9zdG9uaGFja3Mtb2JlbGlzay91cy1jZW50cmFsMS9zZW5kRW1haWwvRHpwZDZZdzRpUWc  
 
[debug] [2019-06-11T22:15:54.137Z] <<< HTTP RESPONSE 200
[debug] [2019-06-11T22:15:54.141Z] <<< HTTP RESPONSE 200
[debug] [2019-06-11T22:15:56.138Z] >>> HTTP REQUEST GET https://cloudfunctions.googleapis.com/v1/operations/Ym9zdG9uaGFja3Mtb2JlbGlzay91cy1jZW50cmFsMS9nZXRNYWlsZ3VuTG9ncy9TcEkzSUVycDVJQQ  
 
[debug] [2019-06-11T22:15:56.142Z] >>> HTTP REQUEST GET https://cloudfunctions.googleapis.com/v1/operations/Ym9zdG9uaGFja3Mtb2JlbGlzay91cy1jZW50cmFsMS9zZW5kRW1haWwvRHpwZDZZdzRpUWc  
 
[debug] [2019-06-11T22:15:56.473Z] <<< HTTP RESPONSE 200
[debug] [2019-06-11T22:15:56.503Z] <<< HTTP RESPONSE 200
[debug] [2019-06-11T22:15:58.477Z] >>> HTTP REQUEST GET https://cloudfunctions.googleapis.com/v1/operations/Ym9zdG9uaGFja3Mtb2JlbGlzay91cy1jZW50cmFsMS9zZW5kRW1haWwvRHpwZDZZdzRpUWc  
 
[debug] [2019-06-11T22:15:58.504Z] >>> HTTP REQUEST GET https://cloudfunctions.googleapis.com/v1/operations/Ym9zdG9uaGFja3Mtb2JlbGlzay91cy1jZW50cmFsMS9nZXRNYWlsZ3VuTG9ncy9TcEkzSUVycDVJQQ  
 
[debug] [2019-06-11T22:15:59.117Z] <<< HTTP RESPONSE 200
[debug] [2019-06-11T22:15:59.120Z] <<< HTTP RESPONSE 200
[debug] [2019-06-11T22:16:01.118Z] >>> HTTP REQUEST GET https://cloudfunctions.googleapis.com/v1/operations/Ym9zdG9uaGFja3Mtb2JlbGlzay91cy1jZW50cmFsMS9zZW5kRW1haWwvRHpwZDZZdzRpUWc  
 
[debug] [2019-06-11T22:16:01.121Z] >>> HTTP REQUEST GET https://cloudfunctions.googleapis.com/v1/operations/Ym9zdG9uaGFja3Mtb2JlbGlzay91cy1jZW50cmFsMS9nZXRNYWlsZ3VuTG9ncy9TcEkzSUVycDVJQQ  
 
[debug] [2019-06-11T22:16:01.480Z] <<< HTTP RESPONSE 200
[debug] [2019-06-11T22:16:01.505Z] <<< HTTP RESPONSE 200
[debug] [2019-06-11T22:16:03.483Z] >>> HTTP REQUEST GET https://cloudfunctions.googleapis.com/v1/operations/Ym9zdG9uaGFja3Mtb2JlbGlzay91cy1jZW50cmFsMS9nZXRNYWlsZ3VuTG9ncy9TcEkzSUVycDVJQQ  
 
[debug] [2019-06-11T22:16:03.506Z] >>> HTTP REQUEST GET https://cloudfunctions.googleapis.com/v1/operations/Ym9zdG9uaGFja3Mtb2JlbGlzay91cy1jZW50cmFsMS9zZW5kRW1haWwvRHpwZDZZdzRpUWc  
 
[debug] [2019-06-11T22:16:03.636Z] <<< HTTP RESPONSE 200
[debug] [2019-06-11T22:16:03.918Z] <<< HTTP RESPONSE 200
[debug] [2019-06-11T22:16:05.640Z] >>> HTTP REQUEST GET https://cloudfunctions.googleapis.com/v1/operations/Ym9zdG9uaGFja3Mtb2JlbGlzay91cy1jZW50cmFsMS9nZXRNYWlsZ3VuTG9ncy9TcEkzSUVycDVJQQ  
 
[debug] [2019-06-11T22:16:05.921Z] >>> HTTP REQUEST GET https://cloudfunctions.googleapis.com/v1/operations/Ym9zdG9uaGFja3Mtb2JlbGlzay91cy1jZW50cmFsMS9zZW5kRW1haWwvRHpwZDZZdzRpUWc  
 
[debug] [2019-06-11T22:16:05.986Z] <<< HTTP RESPONSE 200
[debug] [2019-06-11T22:16:06.318Z] <<< HTTP RESPONSE 200
[debug] [2019-06-11T22:16:07.990Z] >>> HTTP REQUEST GET https://cloudfunctions.googleapis.com/v1/operations/Ym9zdG9uaGFja3Mtb2JlbGlzay91cy1jZW50cmFsMS9nZXRNYWlsZ3VuTG9ncy9TcEkzSUVycDVJQQ  
 
[debug] [2019-06-11T22:16:08.322Z] >>> HTTP REQUEST GET https://cloudfunctions.googleapis.com/v1/operations/Ym9zdG9uaGFja3Mtb2JlbGlzay91cy1jZW50cmFsMS9zZW5kRW1haWwvRHpwZDZZdzRpUWc  
 
[debug] [2019-06-11T22:16:08.339Z] <<< HTTP RESPONSE 200
[debug] [2019-06-11T22:16:08.747Z] <<< HTTP RESPONSE 200
[debug] [2019-06-11T22:16:10.340Z] >>> HTTP REQUEST GET https://cloudfunctions.googleapis.com/v1/operations/Ym9zdG9uaGFja3Mtb2JlbGlzay91cy1jZW50cmFsMS9nZXRNYWlsZ3VuTG9ncy9TcEkzSUVycDVJQQ  
 
[debug] [2019-06-11T22:16:10.712Z] <<< HTTP RESPONSE 200
[debug] [2019-06-11T22:16:10.751Z] >>> HTTP REQUEST GET https://cloudfunctions.googleapis.com/v1/operations/Ym9zdG9uaGFja3Mtb2JlbGlzay91cy1jZW50cmFsMS9zZW5kRW1haWwvRHpwZDZZdzRpUWc  
 
[debug] [2019-06-11T22:16:11.094Z] <<< HTTP RESPONSE 200
[debug] [2019-06-11T22:16:12.714Z] >>> HTTP REQUEST GET https://cloudfunctions.googleapis.com/v1/operations/Ym9zdG9uaGFja3Mtb2JlbGlzay91cy1jZW50cmFsMS9nZXRNYWlsZ3VuTG9ncy9TcEkzSUVycDVJQQ  
 
[debug] [2019-06-11T22:16:13.096Z] >>> HTTP REQUEST GET https://cloudfunctions.googleapis.com/v1/operations/Ym9zdG9uaGFja3Mtb2JlbGlzay91cy1jZW50cmFsMS9zZW5kRW1haWwvRHpwZDZZdzRpUWc  
 
[debug] [2019-06-11T22:16:13.113Z] <<< HTTP RESPONSE 200
[debug] [2019-06-11T22:16:13.635Z] <<< HTTP RESPONSE 200
[debug] [2019-06-11T22:16:15.118Z] >>> HTTP REQUEST GET https://cloudfunctions.googleapis.com/v1/operations/Ym9zdG9uaGFja3Mtb2JlbGlzay91cy1jZW50cmFsMS9nZXRNYWlsZ3VuTG9ncy9TcEkzSUVycDVJQQ  
 
[debug] [2019-06-11T22:16:15.431Z] <<< HTTP RESPONSE 200
[debug] [2019-06-11T22:16:15.641Z] >>> HTTP REQUEST GET https://cloudfunctions.googleapis.com/v1/operations/Ym9zdG9uaGFja3Mtb2JlbGlzay91cy1jZW50cmFsMS9zZW5kRW1haWwvRHpwZDZZdzRpUWc  
 
[debug] [2019-06-11T22:16:15.804Z] <<< HTTP RESPONSE 200
