[debug] [2019-10-04T19:48:17.464Z] ----------------------------------------------------------------------
[debug] [2019-10-04T19:48:17.465Z] Command:       /usr/local/Cellar/node/12.3.1/bin/node /usr/local/bin/firebase deploy
[debug] [2019-10-04T19:48:17.466Z] CLI Version:   7.4.0
[debug] [2019-10-04T19:48:17.466Z] Platform:      darwin
[debug] [2019-10-04T19:48:17.466Z] Node Version:  v12.3.1
[debug] [2019-10-04T19:48:17.467Z] Time:          Fri Oct 04 2019 15:48:17 GMT-0400 (Eastern Daylight Time)
[debug] [2019-10-04T19:48:17.467Z] ----------------------------------------------------------------------
[debug] 
[debug] [2019-10-04T19:48:17.478Z] > command requires scopes: ["email","openid","https://www.googleapis.com/auth/cloudplatformprojects.readonly","https://www.googleapis.com/auth/firebase","https://www.googleapis.com/auth/cloud-platform"]
[debug] [2019-10-04T19:48:17.478Z] > authorizing via signed-in user
[debug] [2019-10-04T19:48:17.478Z] [iam] checking project bostonhacks-obelisk for permissions ["cloudfunctions.functions.create","cloudfunctions.functions.delete","cloudfunctions.functions.get","cloudfunctions.functions.list","cloudfunctions.functions.update","cloudfunctions.operations.get","firebase.projects.get","firebasehosting.sites.update"]
[debug] [2019-10-04T19:48:17.479Z] >>> HTTP REQUEST POST https://cloudresourcemanager.googleapis.com/v1/projects/bostonhacks-obelisk:testIamPermissions  

[debug] [2019-10-04T19:48:17.731Z] <<< HTTP RESPONSE 200
[debug] [2019-10-04T19:48:17.733Z] >>> HTTP REQUEST GET https://firebase.googleapis.com/v1beta1/projects/bostonhacks-obelisk  
 
[debug] [2019-10-04T19:48:17.933Z] <<< HTTP RESPONSE 200
[warn] ⚠  functions: package.json indicates an outdated version of firebase-functions.
 Please upgrade using npm install --save firebase-functions@latest in your functions directory.
[info] 
[info] === Deploying to 'bostonhacks-obelisk'...
[info] 
[info] i  deploying functions, hosting
[info] Running command: npm --prefix "$RESOURCE_DIR" run lint
[info] ✔  functions: Finished running predeploy script.
[debug] [2019-10-04T19:48:21.467Z] > [functions] package.json contents: {
  "name": "functions",
  "description": "Cloud Functions for Firebase",
  "scripts": {
    "lint": "eslint .",
    "serve": "firebase serve --only functions",
    "shell": "firebase functions:shell",
    "start": "npm run shell",
    "deploy": "firebase deploy --only functions",
    "logs": "firebase functions:log"
  },
  "engines": {
    "node": "8"
  },
  "dependencies": {
    "algoliasearch": "^3.33.0",
    "cors": "^2.8.5",
    "firebase-admin": "~7.0.0",
    "firebase-functions": "^2.3.0",
    "glob": "^7.1.4",
    "mailgun-js": "^0.22.0",
    "mailgun.js": "^2.0.1"
  },
  "devDependencies": {
    "eslint": "^5.12.0",
    "eslint-plugin-promise": "^4.0.1",
    "firebase-functions-test": "^0.1.6"
  },
  "private": true
}
[info] i  functions: ensuring necessary APIs are enabled...
[debug] [2019-10-04T19:48:21.468Z] >>> HTTP REQUEST GET https://serviceusage.googleapis.com/v1/projects/bostonhacks-obelisk/services/cloudfunctions.googleapis.com  
 
[debug] [2019-10-04T19:48:21.468Z] >>> HTTP REQUEST GET https://serviceusage.googleapis.com/v1/projects/bostonhacks-obelisk/services/runtimeconfig.googleapis.com  
 
[debug] [2019-10-04T19:48:21.826Z] <<< HTTP RESPONSE 200
[debug] [2019-10-04T19:48:21.838Z] <<< HTTP RESPONSE 200
[info] ✔  functions: all necessary APIs are enabled
[debug] [2019-10-04T19:48:21.839Z] >>> HTTP REQUEST GET https://firebase.googleapis.com/v1beta1/projects/bostonhacks-obelisk/adminSdkConfig  
 
[debug] [2019-10-04T19:48:22.021Z] <<< HTTP RESPONSE 200
[debug] [2019-10-04T19:48:22.023Z] >>> HTTP REQUEST POST https://firebasehosting.googleapis.com/v1beta1/sites/bostonhacks-obelisk/versions  

[debug] [2019-10-04T19:48:22.850Z] <<< HTTP RESPONSE 200
[info] i  functions: preparing functions directory for uploading...
[debug] [2019-10-04T19:48:22.853Z] >>> HTTP REQUEST GET https://runtimeconfig.googleapis.com/v1beta1/projects/bostonhacks-obelisk/configs  
 
[debug] [2019-10-04T19:48:23.125Z] <<< HTTP RESPONSE 200
[info] i  functions: packaged functions (51.93 KB) for uploading
[debug] [2019-10-04T19:48:23.646Z] >>> HTTP REQUEST POST https://cloudfunctions.googleapis.com/v1/projects/bostonhacks-obelisk/locations/us-central1/functions:generateUploadUrl  
 
[debug] [2019-10-04T19:48:24.532Z] <<< HTTP RESPONSE 200
[debug] [2019-10-04T19:48:24.532Z] >>> HTTP REQUEST PUT https://storage.googleapis.com/gcf-upload-us-central1-9282b485-621a-4bc9-892e-35bfaf3bc31d/c919fcd6-7b3a-4203-add5-9cccecca163a.zip?GoogleAccessId=service-843214435407@gcf-admin-robot.iam.gserviceaccount.com&Expires=1570220321&Signature=mgXHaoFUnl2TGBu6hIKNvHkxzfwJqi8CdUyQoNh2p6qEPbxk9n7jE3v3SkTUuiPjYMSsDXlqeGjYw9dmtT2k6nBkgm28Ke2UWTbgLmR8E1pWSH8B0aECz7K7MZKDJwZ9KPxqOQyH25wrGJYlM31tGYGoI5OTi4jmpI4zvQRk4U9HwHD0bm8xjmgPIhnL2UN29jOu3USe%2FC7Oe9fe60nPNfbQdI8ydmfY5nLriM8EMm25YNxidYbKvsqWsfPnSxybeGEHrP%2BBUa%2FRWzzCw7PpqJcHjAl4QBzIXmzsGL9LMNXBO3U3jxzrjLSrCKTZE6sx%2FoiSjGfIXXBlyKYmn%2FRd3Q%3D%3D  
 <request body omitted>
[debug] [2019-10-04T19:48:24.751Z] <<< HTTP RESPONSE 200
[info] ✔  functions: functions folder uploaded successfully
[info] i  hosting[bostonhacks-obelisk]: beginning deploy...
[info] i  hosting[bostonhacks-obelisk]: found 31 files in dist
[debug] [2019-10-04T19:48:24.765Z] [hosting] hash cache [ZGlzdA] load error: lines is not defined
[debug] [2019-10-04T19:48:24.882Z] [hosting] hash cache [ZGlzdA] stored for 31 files
[debug] [2019-10-04T19:48:24.882Z] [hosting][hash queue][FINAL]
[debug] [2019-10-04T19:48:24.882Z] >>> HTTP REQUEST POST https://firebasehosting.googleapis.com/v1beta1/sites/bostonhacks-obelisk/versions/29695a50f94a4f30:populateFiles  
 <request body omitted>
[debug] [2019-10-04T19:48:26.334Z] <<< HTTP RESPONSE 200
[debug] [2019-10-04T19:48:26.334Z] [hosting][populate queue][FINAL]
[debug] [2019-10-04T19:48:26.335Z] [hosting] uploads queued: 0
[debug] [2019-10-04T19:48:26.335Z] [hosting][upload queue][FINAL]
[info] ✔  hosting[bostonhacks-obelisk]: file upload complete
[debug] [2019-10-04T19:48:26.336Z] [hosting] deploy completed after 1584ms
[debug] [2019-10-04T19:48:26.424Z] >>> HTTP REQUEST GET https://cloudfunctions.googleapis.com/v1/projects/bostonhacks-obelisk/locations/-/functions  
 
[debug] [2019-10-04T19:48:27.057Z] <<< HTTP RESPONSE 200
[info] i  functions: updating Node.js 8 function getMailgunLogs(us-central1)...
[debug] [2019-10-04T19:48:27.060Z] Trigger is:  {"httpsTrigger":{}}
[info] i  functions: updating Node.js 8 function sendEmail(us-central1)...
[debug] [2019-10-04T19:48:27.061Z] Trigger is:  {"httpsTrigger":{}}
[debug] [2019-10-04T19:48:27.062Z] >>> HTTP REQUEST GET https://serviceusage.googleapis.com/v1/projects/bostonhacks-obelisk/services/cloudscheduler.googleapis.com  
 
[debug] [2019-10-04T19:48:27.355Z] <<< HTTP RESPONSE 200
[debug] [2019-10-04T19:48:27.357Z] >>> HTTP REQUEST PATCH https://cloudfunctions.googleapis.com/v1/projects/bostonhacks-obelisk/locations/us-central1/functions/getMailgunLogs {"updateMask":"sourceUploadUrl,name,labels,runtime,httpsTrigger"} 

[debug] [2019-10-04T19:48:27.358Z] >>> HTTP REQUEST PATCH https://cloudfunctions.googleapis.com/v1/projects/bostonhacks-obelisk/locations/us-central1/functions/sendEmail {"updateMask":"sourceUploadUrl,name,labels,runtime,httpsTrigger"} 

[debug] [2019-10-04T19:48:28.175Z] <<< HTTP RESPONSE 200
[debug] [2019-10-04T19:48:28.176Z] <<< HTTP RESPONSE 200
[debug] [2019-10-04T19:48:28.177Z] >>> HTTP REQUEST GET https://cloudfunctions.googleapis.com/v1/projects/bostonhacks-obelisk/locations/-/functions  
 
[debug] [2019-10-04T19:48:28.686Z] <<< HTTP RESPONSE 200
[debug] [2019-10-04T19:48:28.688Z] >>> HTTP REQUEST GET https://cloudfunctions.googleapis.com/v1/operations/Ym9zdG9uaGFja3Mtb2JlbGlzay91cy1jZW50cmFsMS9nZXRNYWlsZ3VuTG9ncy9HTzJKNGY5ZUlaTQ  
 
[debug] [2019-10-04T19:48:28.688Z] >>> HTTP REQUEST GET https://cloudfunctions.googleapis.com/v1/operations/Ym9zdG9uaGFja3Mtb2JlbGlzay91cy1jZW50cmFsMS9zZW5kRW1haWwvZngwVTJwS0V5UVk  
 
[debug] [2019-10-04T19:48:29.053Z] <<< HTTP RESPONSE 200
[debug] [2019-10-04T19:48:29.054Z] <<< HTTP RESPONSE 200
[debug] [2019-10-04T19:48:31.054Z] >>> HTTP REQUEST GET https://cloudfunctions.googleapis.com/v1/operations/Ym9zdG9uaGFja3Mtb2JlbGlzay91cy1jZW50cmFsMS9zZW5kRW1haWwvZngwVTJwS0V5UVk  
 
[debug] [2019-10-04T19:48:31.055Z] >>> HTTP REQUEST GET https://cloudfunctions.googleapis.com/v1/operations/Ym9zdG9uaGFja3Mtb2JlbGlzay91cy1jZW50cmFsMS9nZXRNYWlsZ3VuTG9ncy9HTzJKNGY5ZUlaTQ  
 
[debug] [2019-10-04T19:48:31.408Z] <<< HTTP RESPONSE 200
[debug] [2019-10-04T19:48:31.410Z] <<< HTTP RESPONSE 200
[debug] [2019-10-04T19:48:33.410Z] >>> HTTP REQUEST GET https://cloudfunctions.googleapis.com/v1/operations/Ym9zdG9uaGFja3Mtb2JlbGlzay91cy1jZW50cmFsMS9nZXRNYWlsZ3VuTG9ncy9HTzJKNGY5ZUlaTQ  
 
[debug] [2019-10-04T19:48:33.411Z] >>> HTTP REQUEST GET https://cloudfunctions.googleapis.com/v1/operations/Ym9zdG9uaGFja3Mtb2JlbGlzay91cy1jZW50cmFsMS9zZW5kRW1haWwvZngwVTJwS0V5UVk  
 
[debug] [2019-10-04T19:48:33.759Z] <<< HTTP RESPONSE 200
[debug] [2019-10-04T19:48:33.760Z] <<< HTTP RESPONSE 200
[debug] [2019-10-04T19:48:35.764Z] >>> HTTP REQUEST GET https://cloudfunctions.googleapis.com/v1/operations/Ym9zdG9uaGFja3Mtb2JlbGlzay91cy1jZW50cmFsMS9nZXRNYWlsZ3VuTG9ncy9HTzJKNGY5ZUlaTQ  
 
[debug] [2019-10-04T19:48:35.764Z] >>> HTTP REQUEST GET https://cloudfunctions.googleapis.com/v1/operations/Ym9zdG9uaGFja3Mtb2JlbGlzay91cy1jZW50cmFsMS9zZW5kRW1haWwvZngwVTJwS0V5UVk  
 
[debug] [2019-10-04T19:48:36.104Z] <<< HTTP RESPONSE 200
[debug] [2019-10-04T19:48:36.114Z] <<< HTTP RESPONSE 200
[debug] [2019-10-04T19:48:38.109Z] >>> HTTP REQUEST GET https://cloudfunctions.googleapis.com/v1/operations/Ym9zdG9uaGFja3Mtb2JlbGlzay91cy1jZW50cmFsMS9nZXRNYWlsZ3VuTG9ncy9HTzJKNGY5ZUlaTQ  
 
[debug] [2019-10-04T19:48:38.115Z] >>> HTTP REQUEST GET https://cloudfunctions.googleapis.com/v1/operations/Ym9zdG9uaGFja3Mtb2JlbGlzay91cy1jZW50cmFsMS9zZW5kRW1haWwvZngwVTJwS0V5UVk  
 
[debug] [2019-10-04T19:48:38.515Z] <<< HTTP RESPONSE 200
[debug] [2019-10-04T19:48:38.516Z] <<< HTTP RESPONSE 200
[debug] [2019-10-04T19:48:40.518Z] >>> HTTP REQUEST GET https://cloudfunctions.googleapis.com/v1/operations/Ym9zdG9uaGFja3Mtb2JlbGlzay91cy1jZW50cmFsMS9zZW5kRW1haWwvZngwVTJwS0V5UVk  
 
[debug] [2019-10-04T19:48:40.519Z] >>> HTTP REQUEST GET https://cloudfunctions.googleapis.com/v1/operations/Ym9zdG9uaGFja3Mtb2JlbGlzay91cy1jZW50cmFsMS9nZXRNYWlsZ3VuTG9ncy9HTzJKNGY5ZUlaTQ  
 
[debug] [2019-10-04T19:48:40.707Z] <<< HTTP RESPONSE 200
[debug] [2019-10-04T19:48:40.873Z] <<< HTTP RESPONSE 200
[debug] [2019-10-04T19:48:42.708Z] >>> HTTP REQUEST GET https://cloudfunctions.googleapis.com/v1/operations/Ym9zdG9uaGFja3Mtb2JlbGlzay91cy1jZW50cmFsMS9zZW5kRW1haWwvZngwVTJwS0V5UVk  
 
[debug] [2019-10-04T19:48:42.877Z] >>> HTTP REQUEST GET https://cloudfunctions.googleapis.com/v1/operations/Ym9zdG9uaGFja3Mtb2JlbGlzay91cy1jZW50cmFsMS9nZXRNYWlsZ3VuTG9ncy9HTzJKNGY5ZUlaTQ  
 
[debug] [2019-10-04T19:48:43.057Z] <<< HTTP RESPONSE 200
[debug] [2019-10-04T19:48:43.237Z] <<< HTTP RESPONSE 200
[debug] [2019-10-04T19:48:45.061Z] >>> HTTP REQUEST GET https://cloudfunctions.googleapis.com/v1/operations/Ym9zdG9uaGFja3Mtb2JlbGlzay91cy1jZW50cmFsMS9zZW5kRW1haWwvZngwVTJwS0V5UVk  
 
[debug] [2019-10-04T19:48:45.242Z] >>> HTTP REQUEST GET https://cloudfunctions.googleapis.com/v1/operations/Ym9zdG9uaGFja3Mtb2JlbGlzay91cy1jZW50cmFsMS9nZXRNYWlsZ3VuTG9ncy9HTzJKNGY5ZUlaTQ  
 
[debug] [2019-10-04T19:48:45.398Z] <<< HTTP RESPONSE 200
[debug] [2019-10-04T19:48:45.561Z] <<< HTTP RESPONSE 200
[debug] [2019-10-04T19:48:47.400Z] >>> HTTP REQUEST GET https://cloudfunctions.googleapis.com/v1/operations/Ym9zdG9uaGFja3Mtb2JlbGlzay91cy1jZW50cmFsMS9zZW5kRW1haWwvZngwVTJwS0V5UVk  
 
[debug] [2019-10-04T19:48:47.565Z] >>> HTTP REQUEST GET https://cloudfunctions.googleapis.com/v1/operations/Ym9zdG9uaGFja3Mtb2JlbGlzay91cy1jZW50cmFsMS9nZXRNYWlsZ3VuTG9ncy9HTzJKNGY5ZUlaTQ  
 
[debug] [2019-10-04T19:48:47.756Z] <<< HTTP RESPONSE 200
[debug] [2019-10-04T19:48:47.903Z] <<< HTTP RESPONSE 200
[debug] [2019-10-04T19:48:49.760Z] >>> HTTP REQUEST GET https://cloudfunctions.googleapis.com/v1/operations/Ym9zdG9uaGFja3Mtb2JlbGlzay91cy1jZW50cmFsMS9zZW5kRW1haWwvZngwVTJwS0V5UVk  
 
[debug] [2019-10-04T19:48:49.909Z] >>> HTTP REQUEST GET https://cloudfunctions.googleapis.com/v1/operations/Ym9zdG9uaGFja3Mtb2JlbGlzay91cy1jZW50cmFsMS9nZXRNYWlsZ3VuTG9ncy9HTzJKNGY5ZUlaTQ  
 
[debug] [2019-10-04T19:48:50.135Z] <<< HTTP RESPONSE 200
[debug] [2019-10-04T19:48:50.257Z] <<< HTTP RESPONSE 200
[debug] [2019-10-04T19:48:52.140Z] >>> HTTP REQUEST GET https://cloudfunctions.googleapis.com/v1/operations/Ym9zdG9uaGFja3Mtb2JlbGlzay91cy1jZW50cmFsMS9zZW5kRW1haWwvZngwVTJwS0V5UVk  
 
[debug] [2019-10-04T19:48:52.262Z] >>> HTTP REQUEST GET https://cloudfunctions.googleapis.com/v1/operations/Ym9zdG9uaGFja3Mtb2JlbGlzay91cy1jZW50cmFsMS9nZXRNYWlsZ3VuTG9ncy9HTzJKNGY5ZUlaTQ  
 
[debug] [2019-10-04T19:48:52.405Z] <<< HTTP RESPONSE 200
[debug] [2019-10-04T19:48:52.499Z] <<< HTTP RESPONSE 200
[debug] [2019-10-04T19:48:54.410Z] >>> HTTP REQUEST GET https://cloudfunctions.googleapis.com/v1/operations/Ym9zdG9uaGFja3Mtb2JlbGlzay91cy1jZW50cmFsMS9nZXRNYWlsZ3VuTG9ncy9HTzJKNGY5ZUlaTQ  
 
[debug] [2019-10-04T19:48:54.500Z] >>> HTTP REQUEST GET https://cloudfunctions.googleapis.com/v1/operations/Ym9zdG9uaGFja3Mtb2JlbGlzay91cy1jZW50cmFsMS9zZW5kRW1haWwvZngwVTJwS0V5UVk  
 
[debug] [2019-10-04T19:48:54.630Z] <<< HTTP RESPONSE 200
[debug] [2019-10-04T19:48:54.738Z] <<< HTTP RESPONSE 200
[debug] [2019-10-04T19:48:56.632Z] >>> HTTP REQUEST GET https://cloudfunctions.googleapis.com/v1/operations/Ym9zdG9uaGFja3Mtb2JlbGlzay91cy1jZW50cmFsMS9zZW5kRW1haWwvZngwVTJwS0V5UVk  
 
[debug] [2019-10-04T19:48:56.743Z] >>> HTTP REQUEST GET https://cloudfunctions.googleapis.com/v1/operations/Ym9zdG9uaGFja3Mtb2JlbGlzay91cy1jZW50cmFsMS9nZXRNYWlsZ3VuTG9ncy9HTzJKNGY5ZUlaTQ  
 
[debug] [2019-10-04T19:48:56.969Z] <<< HTTP RESPONSE 200
[debug] [2019-10-04T19:48:57.079Z] <<< HTTP RESPONSE 200
[debug] [2019-10-04T19:48:58.972Z] >>> HTTP REQUEST GET https://cloudfunctions.googleapis.com/v1/operations/Ym9zdG9uaGFja3Mtb2JlbGlzay91cy1jZW50cmFsMS9zZW5kRW1haWwvZngwVTJwS0V5UVk  
 
[debug] [2019-10-04T19:48:59.083Z] >>> HTTP REQUEST GET https://cloudfunctions.googleapis.com/v1/operations/Ym9zdG9uaGFja3Mtb2JlbGlzay91cy1jZW50cmFsMS9nZXRNYWlsZ3VuTG9ncy9HTzJKNGY5ZUlaTQ  
 
[debug] [2019-10-04T19:48:59.295Z] <<< HTTP RESPONSE 200
[debug] [2019-10-04T19:48:59.421Z] <<< HTTP RESPONSE 200
[debug] [2019-10-04T19:49:01.300Z] >>> HTTP REQUEST GET https://cloudfunctions.googleapis.com/v1/operations/Ym9zdG9uaGFja3Mtb2JlbGlzay91cy1jZW50cmFsMS9zZW5kRW1haWwvZngwVTJwS0V5UVk  
 
[debug] [2019-10-04T19:49:01.425Z] >>> HTTP REQUEST GET https://cloudfunctions.googleapis.com/v1/operations/Ym9zdG9uaGFja3Mtb2JlbGlzay91cy1jZW50cmFsMS9nZXRNYWlsZ3VuTG9ncy9HTzJKNGY5ZUlaTQ  
 
[debug] [2019-10-04T19:49:01.453Z] <<< HTTP RESPONSE 200
[debug] [2019-10-04T19:49:01.863Z] <<< HTTP RESPONSE 200
[debug] [2019-10-04T19:49:03.458Z] >>> HTTP REQUEST GET https://cloudfunctions.googleapis.com/v1/operations/Ym9zdG9uaGFja3Mtb2JlbGlzay91cy1jZW50cmFsMS9zZW5kRW1haWwvZngwVTJwS0V5UVk  
 
[debug] [2019-10-04T19:49:03.808Z] <<< HTTP RESPONSE 200
[debug] [2019-10-04T19:49:03.866Z] >>> HTTP REQUEST GET https://cloudfunctions.googleapis.com/v1/operations/Ym9zdG9uaGFja3Mtb2JlbGlzay91cy1jZW50cmFsMS9nZXRNYWlsZ3VuTG9ncy9HTzJKNGY5ZUlaTQ  
 
[debug] [2019-10-04T19:49:04.184Z] <<< HTTP RESPONSE 200
[debug] [2019-10-04T19:49:05.812Z] >>> HTTP REQUEST GET https://cloudfunctions.googleapis.com/v1/operations/Ym9zdG9uaGFja3Mtb2JlbGlzay91cy1jZW50cmFsMS9zZW5kRW1haWwvZngwVTJwS0V5UVk  
 
[debug] [2019-10-04T19:49:06.168Z] <<< HTTP RESPONSE 200
[debug] [2019-10-04T19:49:06.186Z] >>> HTTP REQUEST GET https://cloudfunctions.googleapis.com/v1/operations/Ym9zdG9uaGFja3Mtb2JlbGlzay91cy1jZW50cmFsMS9nZXRNYWlsZ3VuTG9ncy9HTzJKNGY5ZUlaTQ  
 
[debug] [2019-10-04T19:49:06.577Z] <<< HTTP RESPONSE 200
[debug] [2019-10-04T19:49:08.170Z] >>> HTTP REQUEST GET https://cloudfunctions.googleapis.com/v1/operations/Ym9zdG9uaGFja3Mtb2JlbGlzay91cy1jZW50cmFsMS9zZW5kRW1haWwvZngwVTJwS0V5UVk  
 
[debug] [2019-10-04T19:49:08.519Z] <<< HTTP RESPONSE 200
[debug] [2019-10-04T19:49:08.578Z] >>> HTTP REQUEST GET https://cloudfunctions.googleapis.com/v1/operations/Ym9zdG9uaGFja3Mtb2JlbGlzay91cy1jZW50cmFsMS9nZXRNYWlsZ3VuTG9ncy9HTzJKNGY5ZUlaTQ  
 
[debug] [2019-10-04T19:49:08.929Z] <<< HTTP RESPONSE 200
[debug] [2019-10-04T19:49:10.525Z] >>> HTTP REQUEST GET https://cloudfunctions.googleapis.com/v1/operations/Ym9zdG9uaGFja3Mtb2JlbGlzay91cy1jZW50cmFsMS9zZW5kRW1haWwvZngwVTJwS0V5UVk  
 
[debug] [2019-10-04T19:49:10.875Z] <<< HTTP RESPONSE 200
[debug] [2019-10-04T19:49:10.935Z] >>> HTTP REQUEST GET https://cloudfunctions.googleapis.com/v1/operations/Ym9zdG9uaGFja3Mtb2JlbGlzay91cy1jZW50cmFsMS9nZXRNYWlsZ3VuTG9ncy9HTzJKNGY5ZUlaTQ  
 
[debug] [2019-10-04T19:49:11.284Z] <<< HTTP RESPONSE 200
[debug] [2019-10-04T19:49:12.877Z] >>> HTTP REQUEST GET https://cloudfunctions.googleapis.com/v1/operations/Ym9zdG9uaGFja3Mtb2JlbGlzay91cy1jZW50cmFsMS9zZW5kRW1haWwvZngwVTJwS0V5UVk  
 
